Arguments: 
  /usr/local/bin/node /usr/local/bin/yarn dev

PATH: 
  /Users/wguilherme/.zinit/polaris/bin:/usr/local/bin:/usr/bin:/bin:/usr/sbin:/sbin:/Users/wguilherme/.fzf/bin

Yarn version: 
  1.22.15

Node version: 
  12.15.0

Platform: 
  darwin x64

Trace: 
  SyntaxError: /Users/wguilherme/Desktop/Repos/ESTUDOS/canvas-sketch-studies/sketch-1/package.json: Unexpected token } in JSON at position 209
      at JSON.parse (<anonymous>)
      at /usr/local/lib/node_modules/yarn/lib/cli.js:1625:59
      at Generator.next (<anonymous>)
      at step (/usr/local/lib/node_modules/yarn/lib/cli.js:310:30)
      at /usr/local/lib/node_modules/yarn/lib/cli.js:321:13

npm manifest: 
  {
    "name": "sketch-1",
    "version": "1.0.0",
    "description": "",
    "main": "sketch.js",
    "scripts": {
      "output": "canvas-sketch sketch.js --output output",
      "dev": "canvas-sketch sketch.js --open",
    },
    "keywords": [],
    "author": "",
    "license": "ISC",
    "dependencies": {
      "canvas-sketch": "^0.7.4"
    }
  }

yarn manifest: 
  No manifest

Lockfile: 
  No lockfile
